Software Version: 12.800.0.16
Embedded FlashPro5 programmer detected.
programmer 'E20047SIR8' : FlashPro5
Opened 'C:\Users\cheec\Desktop\Master\IGL2_MiV_FreeRTOS_Demo\designer\Top_Level\Top_Level_fp\Top_Level.pro'
The 'open_project' command succeeded.
Warning: Programming is already enabled for device 'M2GL025'.
The 'enable_device' command succeeded.
PPD file 'C:/Users/cheec/Desktop/Master/IGL2_MiV_FreeRTOS_Demo/designer/Top_Level/Top_Level.ppd' has been loaded successfully.
DESIGN : Top_Level;  CHECKSUM : 5E10;  PDB_VERSION : 1.0
The 'set_programming_file' command succeeded.
The 'set_programming_action' command succeeded.
programmer 'E20047SIR8' : Scan Chain...
programmer 'E20047SIR8' : Check Chain...
programmer 'E20047SIR8' : Scan and Check Chain PASSED.
programmer 'E20047SIR8' : device 'M2GL025' : Executing action PROGRAM
programmer 'E20047SIR8' : device 'M2GL025' : Family: Igloo2
programmer 'E20047SIR8' : device 'M2GL025' : Product:      M2GL005
programmer 'E20047SIR8' : device 'M2GL025' : Cortex-M3 Disabled (M3_ALLOWED = 0)
programmer 'E20047SIR8' : device 'M2GL025' : EXPORT ISC_ENABLE_RESULT[32] = 00736144
programmer 'E20047SIR8' : device 'M2GL025' : EXPORT CRCERR[1] = 0
programmer 'E20047SIR8' : device 'M2GL025' : EXPORT EDCERR[1] = 0
programmer 'E20047SIR8' : device 'M2GL025' : Programming FPGA Array and eNVM...
programmer 'E20047SIR8' : device 'M2GL025' : EXPORT eNVM component digest[256] = 5d32483689ecd157863f42732bb70faae28da10567ea64bebe8840d316d4d613
programmer 'E20047SIR8' : device 'M2GL025' : EXPORT Fabric component digest[256] = 5f3ae5b7584882c0ecc472ed734d07816f1dedb4006251793346ef5c1bed5d18
programmer 'E20047SIR8' : device 'M2GL025' : ===================================================================================
programmer 'E20047SIR8' : device 'M2GL025' : EXPORT DSN[128] = 1896717087d122639c0446098adccf8b
programmer 'E20047SIR8' : device 'M2GL025' : ===================================================================================
programmer 'E20047SIR8' : device 'M2GL025' : Finished: Thu Oct 29 14:58:57 2020 (Elapsed time 00:00:35)
programmer 'E20047SIR8' : device 'M2GL025' : Executing action PROGRAM PASSED.
programmer 'E20047SIR8' : Chain programming PASSED.
Chain Programming Finished: Thu Oct 29 14:58:57 2020 (Elapsed time 00:00:35)

                        o - o - o - o - o - o

The 'run_selected_actions' command succeeded.
Project saved.
The 'save_project' command succeeded.
Project closed.
Exported log file C:\Users\cheec\Desktop\Master\IGL2_MiV_FreeRTOS_Demo\designer\Top_Level\Top_Level_fp\Top_Level.log.
The 'close_project' command succeeded.
The Execute Script command succeeded.
